<?xml version="1.0" encoding="UTF-8"?>
<coverage generated="1681825297972" clover="3.2.0">
  <project timestamp="1681825297972" name="All files">
    <metrics statements="22" coveredstatements="22" conditionals="16" coveredconditionals="16" methods="7" coveredmethods="7" elements="45" coveredelements="45" complexity="0" loc="22" ncloc="22" packages="1" files="1" classes="1"/>
    <file name="bankAccount.js" path="/Users/sarah/Projects/bank-test/bankAccount.js">
      <metrics statements="22" coveredstatements="22" conditionals="16" coveredconditionals="16" methods="7" coveredmethods="7"/>
      <line num="3" count="11" type="stmt"/>
      <line num="4" count="11" type="stmt"/>
      <line num="8" count="6" type="stmt"/>
      <line num="12" count="10" type="stmt"/>
      <line num="16" count="4" type="cond" truecount="4" falsecount="0"/>
      <line num="17" count="1" type="stmt"/>
      <line num="19" count="3" type="cond" truecount="2" falsecount="0"/>
      <line num="20" count="2" type="stmt"/>
      <line num="22" count="1" type="stmt"/>
      <line num="27" count="12" type="cond" truecount="4" falsecount="0"/>
      <line num="28" count="1" type="stmt"/>
      <line num="31" count="11" type="stmt"/>
      <line num="32" count="11" type="cond" truecount="2" falsecount="0"/>
      <line num="33" count="11" type="cond" truecount="2" falsecount="0"/>
      <line num="34" count="11" type="cond" truecount="2" falsecount="0"/>
      <line num="36" count="11" type="stmt"/>
      <line num="38" count="11" type="stmt"/>
      <line num="39" count="11" type="stmt"/>
      <line num="43" count="2" type="stmt"/>
      <line num="44" count="2" type="stmt"/>
      <line num="45" count="3" type="stmt"/>
      <line num="50" count="1" type="stmt"/>
    </file>
  </project>
</coverage>
