TN:
SF:bankAccount.js
FN:2,(anonymous_0)
FN:7,(anonymous_1)
FN:11,(anonymous_2)
FN:15,(anonymous_3)
FN:26,(anonymous_4)
FN:42,(anonymous_5)
FN:44,(anonymous_6)
FNF:7
FNH:7
FNDA:11,(anonymous_0)
FNDA:6,(anonymous_1)
FNDA:10,(anonymous_2)
FNDA:4,(anonymous_3)
FNDA:12,(anonymous_4)
FNDA:2,(anonymous_5)
FNDA:3,(anonymous_6)
DA:3,11
DA:4,11
DA:8,6
DA:12,10
DA:16,4
DA:17,1
DA:19,3
DA:20,2
DA:22,1
DA:27,12
DA:28,1
DA:31,11
DA:32,11
DA:33,11
DA:34,11
DA:36,11
DA:38,11
DA:39,11
DA:43,2
DA:44,2
DA:45,3
DA:50,1
LF:22
LH:22
BRDA:16,0,0,1
BRDA:16,0,1,3
BRDA:16,1,0,4
BRDA:16,1,1,4
BRDA:19,2,0,2
BRDA:19,2,1,1
BRDA:27,3,0,1
BRDA:27,3,1,11
BRDA:27,4,0,12
BRDA:27,4,1,12
BRDA:32,5,0,9
BRDA:32,5,1,2
BRDA:33,6,0,9
BRDA:33,6,1,2
BRDA:34,7,0,9
BRDA:34,7,1,2
BRF:16
BRH:16
end_of_record
